----------------------------------------------------------------
<<<<<<< HEAD
Mon Dec 17 00:43:10 CET 2018:
Booting Derby version The Apache Software Foundation - Apache Derby - 10.10.2.0 - (1582446): instance a816c00e-0167-b966-f16f-00000da20ed0 
on database directory /home/gaetan/Documents/Work/study-uppa/L3/S1/TOO/Projet/BCMS_database with class loader sun.misc.Launcher$AppClassLoader@73d16e93 
Loaded from file:/home/gaetan/Documents/Work/study-uppa/L3/S1/TOO/Projet/lib/derby.jar
=======
Mon Dec 17 12:39:46 CET 2018:
Booting Derby version The Apache Software Foundation - Apache Derby - 10.10.2.0 - (1582446): instance a816c00e-0167-bbf6-ffc3-00000646cba0 
on database directory /import/etud/34/gcroquefer/Documents/study-uppa/L3/S1/TOO/Projet/BCMS_database with class loader sun.misc.Launcher$AppClassLoader@73d16e93 
Loaded from file:/import/etud/34/gcroquefer/Documents/study-uppa/L3/S1/TOO/Projet/lib/derby.jar
>>>>>>> c8686c70df23a6ce3a68e7661800dd0845befb3e
java.vendor=Oracle Corporation
java.runtime.version=1.8.0_191-b12
user.dir=/import/etud/34/gcroquefer/Documents/study-uppa/L3/S1/TOO/Projet
os.name=Linux
os.arch=amd64
os.version=4.15.0-42-generic
derby.system.home=null
Database Class Loader started - derby.database.classpath=''
