mktextfm ecrm1200
mktextfm ecrm2074
mktextfm ecrm1440
mktextfm ecrm1728
mktextfm ecbx1728
mktextfm ecsl1200
mktextfm ecbx1200
mktextfm ecbx1440
mktextfm eccc1200
mktextfm ecrm1200
mktextfm ecrm2074
mktextfm ecrm1440
mktextfm ecrm1728
mktextfm ecbx1728
mktextfm ecbx1200
mktextfm ecsl1200
mktextfm ecbx1440
mktextfm eccc1200
mktextfm ecrm1200
mktextfm ecrm2074
mktextfm ecrm1440
mktextfm ecrm1728
mktextfm ecbx1728
mktextfm ecbx1200
mktextfm ecsl1200
mktextfm ecbx1440
mktextfm eccc1200
mktextfm ecti1200
mktextfm ectt1200
mktextfm ecrm1200
mktextfm ecrm2074
mktextfm ecrm1440
mktextfm ecrm1728
mktextfm ecbx1728
mktextfm ecbx1200
mktextfm ecsl1200
mktextfm ecbx1440
mktextfm eccc1200
mktextfm ecti1200
mktextfm ectt1200
mktextfm ecss1095
mktextfm ecss0600
mktextfm ecss1440
mktextfm ecss0500
mktextfm nullfont
mktextfm ecss0800
mktextfm ecsi0800
mktextfm ecsi0600
mktextfm ecsi0500
mktextfm ecsi1095
mktextfm ecss0700
mktextfm nullfont
