\BOOKMARK [1][-]{section.1}{R\351sum\351}{}% 1
\BOOKMARK [1][-]{section.2}{D\351finition}{}% 2
\BOOKMARK [1][-]{section.3}{Utilisation}{}% 3
\BOOKMARK [2][-]{subsection.3.1}{Notions courantes}{section.3}% 4
\BOOKMARK [1][-]{section.4}{Paradigmes}{}% 5
\BOOKMARK [2][-]{subsection.4.1}{Imp\351ratif \(ou proc\351dural\)}{section.4}% 6
\BOOKMARK [2][-]{subsection.4.2}{D\351claratif}{section.4}% 7
\BOOKMARK [3][-]{subsubsection.4.2.1}{Fonctionnel}{subsection.4.2}% 8
\BOOKMARK [3][-]{subsubsection.4.2.2}{Logique}{subsection.4.2}% 9
\BOOKMARK [2][-]{subsection.4.3}{Orient\351 objet}{section.4}% 10
\BOOKMARK [2][-]{subsection.4.4}{Concurrent}{section.4}% 11
\BOOKMARK [2][-]{subsection.4.5}{Visuel}{section.4}% 12
\BOOKMARK [2][-]{subsection.4.6}{\311v\351nementiel}{section.4}% 13
\BOOKMARK [2][-]{subsection.4.7}{Bas\351 web}{section.4}% 14
\BOOKMARK [2][-]{subsection.4.8}{Fonctionnalit\351s avanc\351es}{section.4}% 15
\BOOKMARK [1][-]{section.5}{Historique}{}% 16
\BOOKMARK [1][-]{section.6}{Utilisations}{}% 17
\BOOKMARK [2][-]{subsection.6.1}{Langages pour pages Web dynamiques}{section.6}% 18
\BOOKMARK [2][-]{subsection.6.2}{Langages de programmation th\351orique}{section.6}% 19
\BOOKMARK [2][-]{subsection.6.3}{Pour rendre la programmation plus difficile}{section.6}% 20
\BOOKMARK [2][-]{subsection.6.4}{Langages sp\351cialis\351s}{section.6}% 21
\BOOKMARK [3][-]{subsubsection.6.4.1}{Langages synchrones}{subsection.6.4}% 22
\BOOKMARK [3][-]{subsubsection.6.4.2}{Langages \340 vocation p\351dagogique}{subsection.6.4}% 23
\BOOKMARK [3][-]{subsubsection.6.4.3}{Langages pour l'\351lectronique num\351rique}{subsection.6.4}% 24
\BOOKMARK [3][-]{subsubsection.6.4.4}{Langages pour la statistique}{subsection.6.4}% 25
\BOOKMARK [3][-]{subsubsection.6.4.5}{Langages de programmation de Commande Num\351rique \(C.N.\)}{subsection.6.4}% 26
\BOOKMARK [3][-]{subsubsection.6.4.6}{Langages de programmation des automates programmables industriels \(API\)}{subsection.6.4}% 27
\BOOKMARK [3][-]{subsubsection.6.4.7}{Langages de programmation audio}{subsection.6.4}% 28
